<?xml version="1.0" encoding="UTF-8"?>
<!-- Generated by org.testng.reporters.JUnitXMLReporter -->
<testsuite ignored="0" hostname="DineshNaidu" failures="0" tests="8" name="Banking Test Cases" time="0.285" errors="0" timestamp="2022-06-28T19:35:35 IST">
  <testcase classname="com.marvelbank.qa.testcases.LoginPageTest" name="@BeforeMethod setUp" time="0.027">
    <failure type="java.lang.NullPointerException" message="Cannot invoke &amp;quot;String.equals(Object)&amp;quot; because &amp;quot;browserName&amp;quot; is null">
      <![CDATA[java.lang.NullPointerException: Cannot invoke "String.equals(Object)" because "browserName" is null
at com.marvelbank.qa.base.TestBase.initialization(TestBase.java:35)
at com.marvelbank.qa.testcases.LoginPageTest.setUp(LoginPageTest.java:25)
at java.base/java.util.ArrayList.forEach(ArrayList.java:1511)
... Removed 29 stack frames]]>
    </failure>
  </testcase> <!-- @BeforeMethod setUp -->
  <testcase classname="com.marvelbank.qa.testcases.LoginPageTest" name="@AfterMethod tearDown" time="0.0">
    <skipped/>
  </testcase> <!-- @AfterMethod tearDown -->
  <testcase classname="com.marvelbank.qa.testcases.LoginPageTest" name="@BeforeMethod setUp" time="0.0">
    <skipped/>
  </testcase> <!-- @BeforeMethod setUp -->
  <testcase classname="com.marvelbank.qa.testcases.LoginPageTest" name="@AfterMethod tearDown" time="0.0">
    <skipped/>
  </testcase> <!-- @AfterMethod tearDown -->
  <testcase classname="com.marvelbank.qa.testcases.LoginPageTest" name="@BeforeMethod setUp" time="0.0">
    <skipped/>
  </testcase> <!-- @BeforeMethod setUp -->
  <testcase classname="com.marvelbank.qa.testcases.LoginPageTest" name="@AfterMethod tearDown" time="0.0">
    <skipped/>
  </testcase> <!-- @AfterMethod tearDown -->
  <testcase classname="com.marvelbank.qa.testcases.HomePageTest" name="@BeforeMethod setUp" time="0.001">
    <failure type="java.lang.NullPointerException" message="Cannot invoke &amp;quot;String.equals(Object)&amp;quot; because &amp;quot;browserName&amp;quot; is null">
      <![CDATA[java.lang.NullPointerException: Cannot invoke "String.equals(Object)" because "browserName" is null
at com.marvelbank.qa.base.TestBase.initialization(TestBase.java:35)
at com.marvelbank.qa.testcases.HomePageTest.setUp(HomePageTest.java:26)
at java.base/java.util.ArrayList.forEach(ArrayList.java:1511)
... Removed 29 stack frames]]>
    </failure>
  </testcase> <!-- @BeforeMethod setUp -->
  <testcase classname="com.marvelbank.qa.testcases.HomePageTest" name="@AfterMethod tearDown" time="0.0">
    <skipped/>
  </testcase> <!-- @AfterMethod tearDown -->
  <testcase classname="com.marvelbank.qa.testcases.HomePageTest" name="@BeforeMethod setUp" time="0.0">
    <skipped/>
  </testcase> <!-- @BeforeMethod setUp -->
  <testcase classname="com.marvelbank.qa.testcases.HomePageTest" name="@AfterMethod tearDown" time="0.0">
    <skipped/>
  </testcase> <!-- @AfterMethod tearDown -->
  <testcase classname="com.marvelbank.qa.testcases.HomePageTest" name="@BeforeMethod setUp" time="0.0">
    <skipped/>
  </testcase> <!-- @BeforeMethod setUp -->
  <testcase classname="com.marvelbank.qa.testcases.HomePageTest" name="@AfterMethod tearDown" time="0.0">
    <skipped/>
  </testcase> <!-- @AfterMethod tearDown -->
  <testcase classname="com.marvelbank.qa.testcases.DeleteCustomerPageTest" name="@BeforeMethod setUp" time="0.002">
    <failure type="java.lang.NullPointerException" message="Cannot invoke &amp;quot;String.equals(Object)&amp;quot; because &amp;quot;browserName&amp;quot; is null">
      <![CDATA[java.lang.NullPointerException: Cannot invoke "String.equals(Object)" because "browserName" is null
at com.marvelbank.qa.base.TestBase.initialization(TestBase.java:35)
at com.marvelbank.qa.testcases.DeleteCustomerPageTest.setUp(DeleteCustomerPageTest.java:25)
at java.base/java.util.ArrayList.forEach(ArrayList.java:1511)
... Removed 29 stack frames]]>
    </failure>
  </testcase> <!-- @BeforeMethod setUp -->
  <testcase classname="com.marvelbank.qa.testcases.DeleteCustomerPageTest" name="@AfterMethod tearDown" time="0.0">
    <skipped/>
  </testcase> <!-- @AfterMethod tearDown -->
  <testcase classname="com.marvelbank.qa.testcases.DeleteCustomerPageTest" name="@BeforeMethod setUp" time="0.0">
    <skipped/>
  </testcase> <!-- @BeforeMethod setUp -->
  <testcase classname="com.marvelbank.qa.testcases.DeleteCustomerPageTest" name="@AfterMethod tearDown" time="0.0">
    <skipped/>
  </testcase> <!-- @AfterMethod tearDown -->
  <testcase classname="com.marvelbank.qa.testcases.LoginPageTest" name="validateTitle" time="0.0">
    <skipped/>
  </testcase> <!-- validateTitle -->
  <testcase classname="com.marvelbank.qa.testcases.LoginPageTest" name="validateLogo" time="0.0">
    <skipped/>
  </testcase> <!-- validateLogo -->
  <testcase classname="com.marvelbank.qa.testcases.LoginPageTest" name="loginToApp" time="0.0">
    <skipped/>
  </testcase> <!-- loginToApp -->
  <testcase classname="com.marvelbank.qa.testcases.HomePageTest" name="validateTitle" time="0.0">
    <skipped/>
  </testcase> <!-- validateTitle -->
  <testcase classname="com.marvelbank.qa.testcases.HomePageTest" name="validateLogo" time="0.002">
    <skipped/>
  </testcase> <!-- validateLogo -->
  <testcase classname="com.marvelbank.qa.testcases.HomePageTest" name="clickDeleteCustomerBtn" time="0.0">
    <skipped/>
  </testcase> <!-- clickDeleteCustomerBtn -->
  <testcase classname="com.marvelbank.qa.testcases.DeleteCustomerPageTest" name="validateDeleteCustomerPageTitle" time="0.001">
    <skipped/>
  </testcase> <!-- validateDeleteCustomerPageTitle -->
  <testcase classname="com.marvelbank.qa.testcases.DeleteCustomerPageTest" name="deleteTheCustomer" time="0.0">
    <skipped/>
  </testcase> <!-- deleteTheCustomer -->
</testsuite> <!-- Banking Test Cases -->
